2019-09-22 23:19:53  org.apache.http.client.protocol.ResponseProcessCookies.processCookies(ResponseProcessCookies.java:130)  Invalid cookie header: "Set-Cookie: uuid_n_v=v1; path=/; expires=Tue, 22 Oct 2019 15:19:52 GMT". Invalid 'expires' attribute: Tue, 22 Oct 2019 15:19:52 GMT
2019-09-22 23:19:53  org.apache.http.client.protocol.ResponseProcessCookies.processCookies(ResponseProcessCookies.java:130)  Invalid cookie header: "Set-Cookie: uuid=6C90E940DD4C11E98F0AD72419AF9CA70F4E9E66951148A885B433FAD665BA5B; path=/; expires=Tue, 22 Oct 2019 15:19:52 GMT". Invalid 'expires' attribute: Tue, 22 Oct 2019 15:19:52 GMT
2019-09-22 23:19:53  org.apache.http.client.protocol.ResponseProcessCookies.processCookies(ResponseProcessCookies.java:130)  Invalid cookie header: "Set-Cookie: lt=; path=/; expires=Thu, 01 Jan 1970 00:00:00 GMT; httponly". Invalid 'expires' attribute: Thu, 01 Jan 1970 00:00:00 GMT
2019-09-22 23:19:53  org.apache.http.client.protocol.ResponseProcessCookies.processCookies(ResponseProcessCookies.java:130)  Invalid cookie header: "Set-Cookie: lt.sig=y8Z35vm0s33pZar20SZcdcJx7mE; path=/; expires=Thu, 01 Jan 1970 00:00:00 GMT; httponly". Invalid 'expires' attribute: Thu, 01 Jan 1970 00:00:00 GMT
2019-09-22 23:21:25  org.apache.http.client.protocol.ResponseProcessCookies.processCookies(ResponseProcessCookies.java:130)  Invalid cookie header: "Set-Cookie: uuid_n_v=v1; path=/; expires=Tue, 22 Oct 2019 15:21:24 GMT". Invalid 'expires' attribute: Tue, 22 Oct 2019 15:21:24 GMT
2019-09-22 23:21:25  org.apache.http.client.protocol.ResponseProcessCookies.processCookies(ResponseProcessCookies.java:130)  Invalid cookie header: "Set-Cookie: uuid=A39980F0DD4C11E9B35065E789356D8E8EE3B5E75D7D4124BFDBE4E275EE6B34; path=/; expires=Tue, 22 Oct 2019 15:21:24 GMT". Invalid 'expires' attribute: Tue, 22 Oct 2019 15:21:24 GMT
2019-09-22 23:21:25  org.apache.http.client.protocol.ResponseProcessCookies.processCookies(ResponseProcessCookies.java:130)  Invalid cookie header: "Set-Cookie: lt=; path=/; expires=Thu, 01 Jan 1970 00:00:00 GMT; httponly". Invalid 'expires' attribute: Thu, 01 Jan 1970 00:00:00 GMT
2019-09-22 23:21:25  org.apache.http.client.protocol.ResponseProcessCookies.processCookies(ResponseProcessCookies.java:130)  Invalid cookie header: "Set-Cookie: lt.sig=y8Z35vm0s33pZar20SZcdcJx7mE; path=/; expires=Thu, 01 Jan 1970 00:00:00 GMT; httponly". Invalid 'expires' attribute: Thu, 01 Jan 1970 00:00:00 GMT
2019-09-22 23:55:15  org.apache.http.client.protocol.ResponseProcessCookies.processCookies(ResponseProcessCookies.java:130)  Invalid cookie header: "Set-Cookie: uuid_n_v=v1; path=/; expires=Tue, 22 Oct 2019 15:55:14 GMT". Invalid 'expires' attribute: Tue, 22 Oct 2019 15:55:14 GMT
2019-09-22 23:55:15  org.apache.http.client.protocol.ResponseProcessCookies.processCookies(ResponseProcessCookies.java:130)  Invalid cookie header: "Set-Cookie: uuid=5D6217F0DD5111E9B21C8B2A21336BA5DF9BF5A624764B1CBAE9674C9D7A8F63; path=/; expires=Tue, 22 Oct 2019 15:55:14 GMT". Invalid 'expires' attribute: Tue, 22 Oct 2019 15:55:14 GMT
2019-09-22 23:55:15  org.apache.http.client.protocol.ResponseProcessCookies.processCookies(ResponseProcessCookies.java:130)  Invalid cookie header: "Set-Cookie: lt=; path=/; expires=Thu, 01 Jan 1970 00:00:00 GMT; httponly". Invalid 'expires' attribute: Thu, 01 Jan 1970 00:00:00 GMT
2019-09-22 23:55:15  org.apache.http.client.protocol.ResponseProcessCookies.processCookies(ResponseProcessCookies.java:130)  Invalid cookie header: "Set-Cookie: lt.sig=y8Z35vm0s33pZar20SZcdcJx7mE; path=/; expires=Thu, 01 Jan 1970 00:00:00 GMT; httponly". Invalid 'expires' attribute: Thu, 01 Jan 1970 00:00:00 GMT
2019-09-23 00:00:15  org.apache.http.client.protocol.ResponseProcessCookies.processCookies(ResponseProcessCookies.java:130)  Invalid cookie header: "Set-Cookie: uuid_n_v=v1; path=/; expires=Tue, 22 Oct 2019 16:00:14 GMT". Invalid 'expires' attribute: Tue, 22 Oct 2019 16:00:14 GMT
2019-09-23 00:00:15  org.apache.http.client.protocol.ResponseProcessCookies.processCookies(ResponseProcessCookies.java:130)  Invalid cookie header: "Set-Cookie: uuid=105A7050DD5211E9BBD32772E7DE748E6370FE68DA8E418EB8A8700EF36FDCE4; path=/; expires=Tue, 22 Oct 2019 16:00:14 GMT". Invalid 'expires' attribute: Tue, 22 Oct 2019 16:00:14 GMT
2019-09-23 00:00:15  org.apache.http.client.protocol.ResponseProcessCookies.processCookies(ResponseProcessCookies.java:130)  Invalid cookie header: "Set-Cookie: lt=; path=/; expires=Thu, 01 Jan 1970 00:00:00 GMT; httponly". Invalid 'expires' attribute: Thu, 01 Jan 1970 00:00:00 GMT
2019-09-23 00:00:15  org.apache.http.client.protocol.ResponseProcessCookies.processCookies(ResponseProcessCookies.java:130)  Invalid cookie header: "Set-Cookie: lt.sig=y8Z35vm0s33pZar20SZcdcJx7mE; path=/; expires=Thu, 01 Jan 1970 00:00:00 GMT; httponly". Invalid 'expires' attribute: Thu, 01 Jan 1970 00:00:00 GMT
2019-09-23 00:00:15  org.apache.http.client.protocol.ResponseProcessCookies.processCookies(ResponseProcessCookies.java:130)  Invalid cookie header: "Set-Cookie: uuid_n_v=v1; path=/; expires=Tue, 22 Oct 2019 16:00:14 GMT". Invalid 'expires' attribute: Tue, 22 Oct 2019 16:00:14 GMT
2019-09-23 00:00:15  org.apache.http.client.protocol.ResponseProcessCookies.processCookies(ResponseProcessCookies.java:130)  Invalid cookie header: "Set-Cookie: uuid=10968EF0DD5211E9A66B358AB260E81DA4FE1B4F2BA74EA6984F111BD9CC8A2C; path=/; expires=Tue, 22 Oct 2019 16:00:14 GMT". Invalid 'expires' attribute: Tue, 22 Oct 2019 16:00:14 GMT
2019-09-23 00:00:15  org.apache.http.client.protocol.ResponseProcessCookies.processCookies(ResponseProcessCookies.java:130)  Invalid cookie header: "Set-Cookie: lt=; path=/; expires=Thu, 01 Jan 1970 00:00:00 GMT; httponly". Invalid 'expires' attribute: Thu, 01 Jan 1970 00:00:00 GMT
2019-09-23 00:00:15  org.apache.http.client.protocol.ResponseProcessCookies.processCookies(ResponseProcessCookies.java:130)  Invalid cookie header: "Set-Cookie: lt.sig=y8Z35vm0s33pZar20SZcdcJx7mE; path=/; expires=Thu, 01 Jan 1970 00:00:00 GMT; httponly". Invalid 'expires' attribute: Thu, 01 Jan 1970 00:00:00 GMT
2019-09-23 00:00:16  org.apache.http.client.protocol.ResponseProcessCookies.processCookies(ResponseProcessCookies.java:130)  Invalid cookie header: "Set-Cookie: uuid_n_v=v1; path=/; expires=Tue, 22 Oct 2019 16:00:15 GMT". Invalid 'expires' attribute: Tue, 22 Oct 2019 16:00:15 GMT
2019-09-23 00:00:16  org.apache.http.client.protocol.ResponseProcessCookies.processCookies(ResponseProcessCookies.java:130)  Invalid cookie header: "Set-Cookie: uuid=10F99680DD5211E9B65DC9C6E84E0C0C41D7C86696FE4908BE5E1410DBDDE7D8; path=/; expires=Tue, 22 Oct 2019 16:00:15 GMT". Invalid 'expires' attribute: Tue, 22 Oct 2019 16:00:15 GMT
2019-09-23 00:00:16  org.apache.http.client.protocol.ResponseProcessCookies.processCookies(ResponseProcessCookies.java:130)  Invalid cookie header: "Set-Cookie: lt=; path=/; expires=Thu, 01 Jan 1970 00:00:00 GMT; httponly". Invalid 'expires' attribute: Thu, 01 Jan 1970 00:00:00 GMT
2019-09-23 00:00:16  org.apache.http.client.protocol.ResponseProcessCookies.processCookies(ResponseProcessCookies.java:130)  Invalid cookie header: "Set-Cookie: lt.sig=y8Z35vm0s33pZar20SZcdcJx7mE; path=/; expires=Thu, 01 Jan 1970 00:00:00 GMT; httponly". Invalid 'expires' attribute: Thu, 01 Jan 1970 00:00:00 GMT
2019-09-23 00:00:17  org.apache.http.client.protocol.ResponseProcessCookies.processCookies(ResponseProcessCookies.java:130)  Invalid cookie header: "Set-Cookie: uuid_n_v=v1; path=/; expires=Tue, 22 Oct 2019 16:00:15 GMT". Invalid 'expires' attribute: Tue, 22 Oct 2019 16:00:15 GMT
2019-09-23 00:00:17  org.apache.http.client.protocol.ResponseProcessCookies.processCookies(ResponseProcessCookies.java:130)  Invalid cookie header: "Set-Cookie: uuid=1157E320DD5211E9831DAD56C977F1DDBAA004C0F8204638A89873504D66011E; path=/; expires=Tue, 22 Oct 2019 16:00:15 GMT". Invalid 'expires' attribute: Tue, 22 Oct 2019 16:00:15 GMT
2019-09-23 00:00:17  org.apache.http.client.protocol.ResponseProcessCookies.processCookies(ResponseProcessCookies.java:130)  Invalid cookie header: "Set-Cookie: lt=; path=/; expires=Thu, 01 Jan 1970 00:00:00 GMT; httponly". Invalid 'expires' attribute: Thu, 01 Jan 1970 00:00:00 GMT
2019-09-23 00:00:17  org.apache.http.client.protocol.ResponseProcessCookies.processCookies(ResponseProcessCookies.java:130)  Invalid cookie header: "Set-Cookie: lt.sig=y8Z35vm0s33pZar20SZcdcJx7mE; path=/; expires=Thu, 01 Jan 1970 00:00:00 GMT; httponly". Invalid 'expires' attribute: Thu, 01 Jan 1970 00:00:00 GMT
2019-09-23 00:00:17  org.apache.http.client.protocol.ResponseProcessCookies.processCookies(ResponseProcessCookies.java:130)  Invalid cookie header: "Set-Cookie: uuid_n_v=v1; path=/; expires=Tue, 22 Oct 2019 16:00:16 GMT". Invalid 'expires' attribute: Tue, 22 Oct 2019 16:00:16 GMT
2019-09-23 00:00:17  org.apache.http.client.protocol.ResponseProcessCookies.processCookies(ResponseProcessCookies.java:130)  Invalid cookie header: "Set-Cookie: uuid=11B51E50DD5211E983BCCD78ACA668D039DF69F6DBA54CC99A4FA6E18720D8E1; path=/; expires=Tue, 22 Oct 2019 16:00:16 GMT". Invalid 'expires' attribute: Tue, 22 Oct 2019 16:00:16 GMT
2019-09-23 00:00:17  org.apache.http.client.protocol.ResponseProcessCookies.processCookies(ResponseProcessCookies.java:130)  Invalid cookie header: "Set-Cookie: lt=; path=/; expires=Thu, 01 Jan 1970 00:00:00 GMT; httponly". Invalid 'expires' attribute: Thu, 01 Jan 1970 00:00:00 GMT
2019-09-23 00:00:17  org.apache.http.client.protocol.ResponseProcessCookies.processCookies(ResponseProcessCookies.java:130)  Invalid cookie header: "Set-Cookie: lt.sig=y8Z35vm0s33pZar20SZcdcJx7mE; path=/; expires=Thu, 01 Jan 1970 00:00:00 GMT; httponly". Invalid 'expires' attribute: Thu, 01 Jan 1970 00:00:00 GMT
2019-09-23 00:00:18  org.apache.http.client.protocol.ResponseProcessCookies.processCookies(ResponseProcessCookies.java:130)  Invalid cookie header: "Set-Cookie: uuid_n_v=v1; path=/; expires=Tue, 22 Oct 2019 16:00:16 GMT". Invalid 'expires' attribute: Tue, 22 Oct 2019 16:00:16 GMT
2019-09-23 00:00:18  org.apache.http.client.protocol.ResponseProcessCookies.processCookies(ResponseProcessCookies.java:130)  Invalid cookie header: "Set-Cookie: uuid=11F5D0D0DD5211E9BC0001D971E89D6B26159D6472A144C2A9469D7C256E2660; path=/; expires=Tue, 22 Oct 2019 16:00:16 GMT". Invalid 'expires' attribute: Tue, 22 Oct 2019 16:00:16 GMT
2019-09-23 00:00:18  org.apache.http.client.protocol.ResponseProcessCookies.processCookies(ResponseProcessCookies.java:130)  Invalid cookie header: "Set-Cookie: lt=; path=/; expires=Thu, 01 Jan 1970 00:00:00 GMT; httponly". Invalid 'expires' attribute: Thu, 01 Jan 1970 00:00:00 GMT
2019-09-23 00:00:18  org.apache.http.client.protocol.ResponseProcessCookies.processCookies(ResponseProcessCookies.java:130)  Invalid cookie header: "Set-Cookie: lt.sig=y8Z35vm0s33pZar20SZcdcJx7mE; path=/; expires=Thu, 01 Jan 1970 00:00:00 GMT; httponly". Invalid 'expires' attribute: Thu, 01 Jan 1970 00:00:00 GMT
2019-09-23 00:00:18  org.apache.http.client.protocol.ResponseProcessCookies.processCookies(ResponseProcessCookies.java:130)  Invalid cookie header: "Set-Cookie: uuid_n_v=v1; path=/; expires=Tue, 22 Oct 2019 16:00:17 GMT". Invalid 'expires' attribute: Tue, 22 Oct 2019 16:00:17 GMT
2019-09-23 00:00:18  org.apache.http.client.protocol.ResponseProcessCookies.processCookies(ResponseProcessCookies.java:130)  Invalid cookie header: "Set-Cookie: uuid=123BB370DD5211E98E501131C886F159FB2AAC694D1D48A09DF77A16F3E86A87; path=/; expires=Tue, 22 Oct 2019 16:00:17 GMT". Invalid 'expires' attribute: Tue, 22 Oct 2019 16:00:17 GMT
2019-09-23 00:00:18  org.apache.http.client.protocol.ResponseProcessCookies.processCookies(ResponseProcessCookies.java:130)  Invalid cookie header: "Set-Cookie: lt=; path=/; expires=Thu, 01 Jan 1970 00:00:00 GMT; httponly". Invalid 'expires' attribute: Thu, 01 Jan 1970 00:00:00 GMT
2019-09-23 00:00:18  org.apache.http.client.protocol.ResponseProcessCookies.processCookies(ResponseProcessCookies.java:130)  Invalid cookie header: "Set-Cookie: lt.sig=y8Z35vm0s33pZar20SZcdcJx7mE; path=/; expires=Thu, 01 Jan 1970 00:00:00 GMT; httponly". Invalid 'expires' attribute: Thu, 01 Jan 1970 00:00:00 GMT
2019-09-23 00:00:19  org.apache.http.client.protocol.ResponseProcessCookies.processCookies(ResponseProcessCookies.java:130)  Invalid cookie header: "Set-Cookie: uuid_n_v=v1; path=/; expires=Tue, 22 Oct 2019 16:00:17 GMT". Invalid 'expires' attribute: Tue, 22 Oct 2019 16:00:17 GMT
2019-09-23 00:00:19  org.apache.http.client.protocol.ResponseProcessCookies.processCookies(ResponseProcessCookies.java:130)  Invalid cookie header: "Set-Cookie: uuid=128DF220DD5211E9BB48E979DFCABC9D3ACF7496CF994A13810F9825E65F35BF; path=/; expires=Tue, 22 Oct 2019 16:00:17 GMT". Invalid 'expires' attribute: Tue, 22 Oct 2019 16:00:17 GMT
2019-09-23 00:00:19  org.apache.http.client.protocol.ResponseProcessCookies.processCookies(ResponseProcessCookies.java:130)  Invalid cookie header: "Set-Cookie: lt=; path=/; expires=Thu, 01 Jan 1970 00:00:00 GMT; httponly". Invalid 'expires' attribute: Thu, 01 Jan 1970 00:00:00 GMT
2019-09-23 00:00:19  org.apache.http.client.protocol.ResponseProcessCookies.processCookies(ResponseProcessCookies.java:130)  Invalid cookie header: "Set-Cookie: lt.sig=y8Z35vm0s33pZar20SZcdcJx7mE; path=/; expires=Thu, 01 Jan 1970 00:00:00 GMT; httponly". Invalid 'expires' attribute: Thu, 01 Jan 1970 00:00:00 GMT
2019-09-23 00:00:19  org.apache.http.client.protocol.ResponseProcessCookies.processCookies(ResponseProcessCookies.java:130)  Invalid cookie header: "Set-Cookie: uuid_n_v=v1; path=/; expires=Tue, 22 Oct 2019 16:00:18 GMT". Invalid 'expires' attribute: Tue, 22 Oct 2019 16:00:18 GMT
2019-09-23 00:00:19  org.apache.http.client.protocol.ResponseProcessCookies.processCookies(ResponseProcessCookies.java:130)  Invalid cookie header: "Set-Cookie: uuid=12D73020DD5211E9B8DF55F45853E80157A200F1AA114D2984974CA223B05BA7; path=/; expires=Tue, 22 Oct 2019 16:00:18 GMT". Invalid 'expires' attribute: Tue, 22 Oct 2019 16:00:18 GMT
2019-09-23 00:00:19  org.apache.http.client.protocol.ResponseProcessCookies.processCookies(ResponseProcessCookies.java:130)  Invalid cookie header: "Set-Cookie: lt=; path=/; expires=Thu, 01 Jan 1970 00:00:00 GMT; httponly". Invalid 'expires' attribute: Thu, 01 Jan 1970 00:00:00 GMT
2019-09-23 00:00:19  org.apache.http.client.protocol.ResponseProcessCookies.processCookies(ResponseProcessCookies.java:130)  Invalid cookie header: "Set-Cookie: lt.sig=y8Z35vm0s33pZar20SZcdcJx7mE; path=/; expires=Thu, 01 Jan 1970 00:00:00 GMT; httponly". Invalid 'expires' attribute: Thu, 01 Jan 1970 00:00:00 GMT
2019-09-23 00:00:20  org.apache.http.client.protocol.ResponseProcessCookies.processCookies(ResponseProcessCookies.java:130)  Invalid cookie header: "Set-Cookie: uuid_n_v=v1; path=/; expires=Tue, 22 Oct 2019 16:00:18 GMT". Invalid 'expires' attribute: Tue, 22 Oct 2019 16:00:18 GMT
2019-09-23 00:00:20  org.apache.http.client.protocol.ResponseProcessCookies.processCookies(ResponseProcessCookies.java:130)  Invalid cookie header: "Set-Cookie: uuid=1325C550DD5211E985953714D905CA546235202125B148C68E872030AD4EBAC1; path=/; expires=Tue, 22 Oct 2019 16:00:18 GMT". Invalid 'expires' attribute: Tue, 22 Oct 2019 16:00:18 GMT
2019-09-23 00:00:20  org.apache.http.client.protocol.ResponseProcessCookies.processCookies(ResponseProcessCookies.java:130)  Invalid cookie header: "Set-Cookie: lt=; path=/; expires=Thu, 01 Jan 1970 00:00:00 GMT; httponly". Invalid 'expires' attribute: Thu, 01 Jan 1970 00:00:00 GMT
2019-09-23 00:00:20  org.apache.http.client.protocol.ResponseProcessCookies.processCookies(ResponseProcessCookies.java:130)  Invalid cookie header: "Set-Cookie: lt.sig=y8Z35vm0s33pZar20SZcdcJx7mE; path=/; expires=Thu, 01 Jan 1970 00:00:00 GMT; httponly". Invalid 'expires' attribute: Thu, 01 Jan 1970 00:00:00 GMT
2019-09-23 00:00:20  org.apache.http.client.protocol.ResponseProcessCookies.processCookies(ResponseProcessCookies.java:130)  Invalid cookie header: "Set-Cookie: uuid_n_v=v1; path=/; expires=Tue, 22 Oct 2019 16:00:19 GMT". Invalid 'expires' attribute: Tue, 22 Oct 2019 16:00:19 GMT
2019-09-23 00:00:20  org.apache.http.client.protocol.ResponseProcessCookies.processCookies(ResponseProcessCookies.java:130)  Invalid cookie header: "Set-Cookie: uuid=13628030DD5211E992DDB77337523A407E19C622234E49A1B7E4200DD9818654; path=/; expires=Tue, 22 Oct 2019 16:00:19 GMT". Invalid 'expires' attribute: Tue, 22 Oct 2019 16:00:19 GMT
2019-09-23 00:00:20  org.apache.http.client.protocol.ResponseProcessCookies.processCookies(ResponseProcessCookies.java:130)  Invalid cookie header: "Set-Cookie: lt=; path=/; expires=Thu, 01 Jan 1970 00:00:00 GMT; httponly". Invalid 'expires' attribute: Thu, 01 Jan 1970 00:00:00 GMT
2019-09-23 00:00:20  org.apache.http.client.protocol.ResponseProcessCookies.processCookies(ResponseProcessCookies.java:130)  Invalid cookie header: "Set-Cookie: lt.sig=y8Z35vm0s33pZar20SZcdcJx7mE; path=/; expires=Thu, 01 Jan 1970 00:00:00 GMT; httponly". Invalid 'expires' attribute: Thu, 01 Jan 1970 00:00:00 GMT
2019-09-23 08:46:38  org.springframework.test.context.TestContextManager.prepareTestInstance(TestContextManager.java:234)  Caught exception while allowing TestExecutionListener [org.springframework.test.context.support.DependencyInjectionTestExecutionListener@169bb4dd] to prepare test instance [com.ll.test.TestJsoup@1f9e9475]
org.springframework.beans.factory.UnsatisfiedDependencyException: Error creating bean with name 'com.ll.test.TestJsoup': Unsatisfied dependency expressed through field 'biz'; nested exception is org.springframework.beans.factory.NoSuchBeanDefinitionException: No qualifying bean of type 'com.biz.ICinemaBiz' available: expected at least 1 bean which qualifies as autowire candidate. Dependency annotations: {@org.springframework.beans.factory.annotation.Autowired(required=true)}
	at org.springframework.beans.factory.annotation.AutowiredAnnotationBeanPostProcessor$AutowiredFieldElement.inject(AutowiredAnnotationBeanPostProcessor.java:588)
	at org.springframework.beans.factory.annotation.InjectionMetadata.inject(InjectionMetadata.java:88)
	at org.springframework.beans.factory.annotation.AutowiredAnnotationBeanPostProcessor.postProcessPropertyValues(AutowiredAnnotationBeanPostProcessor.java:366)
	at org.springframework.beans.factory.support.AbstractAutowireCapableBeanFactory.populateBean(AbstractAutowireCapableBeanFactory.java:1264)
	at org.springframework.beans.factory.support.AbstractAutowireCapableBeanFactory.autowireBeanProperties(AbstractAutowireCapableBeanFactory.java:386)
	at org.springframework.test.context.support.DependencyInjectionTestExecutionListener.injectDependencies(DependencyInjectionTestExecutionListener.java:118)
	at org.springframework.test.context.support.DependencyInjectionTestExecutionListener.prepareTestInstance(DependencyInjectionTestExecutionListener.java:83)
	at org.springframework.test.context.TestContextManager.prepareTestInstance(TestContextManager.java:230)
	at org.springframework.test.context.junit4.SpringJUnit4ClassRunner.createTest(SpringJUnit4ClassRunner.java:228)
	at org.springframework.test.context.junit4.SpringJUnit4ClassRunner$1.runReflectiveCall(SpringJUnit4ClassRunner.java:287)
	at org.junit.internal.runners.model.ReflectiveCallable.run(ReflectiveCallable.java:12)
	at org.springframework.test.context.junit4.SpringJUnit4ClassRunner.methodBlock(SpringJUnit4ClassRunner.java:289)
	at org.springframework.test.context.junit4.SpringJUnit4ClassRunner.runChild(SpringJUnit4ClassRunner.java:247)
	at org.springframework.test.context.junit4.SpringJUnit4ClassRunner.runChild(SpringJUnit4ClassRunner.java:94)
	at org.junit.runners.ParentRunner$3.run(ParentRunner.java:290)
	at org.junit.runners.ParentRunner$1.schedule(ParentRunner.java:71)
	at org.junit.runners.ParentRunner.runChildren(ParentRunner.java:288)
	at org.junit.runners.ParentRunner.access$000(ParentRunner.java:58)
	at org.junit.runners.ParentRunner$2.evaluate(ParentRunner.java:268)
	at org.springframework.test.context.junit4.statements.RunBeforeTestClassCallbacks.evaluate(RunBeforeTestClassCallbacks.java:61)
	at org.springframework.test.context.junit4.statements.RunAfterTestClassCallbacks.evaluate(RunAfterTestClassCallbacks.java:70)
	at org.junit.runners.ParentRunner.run(ParentRunner.java:363)
	at org.springframework.test.context.junit4.SpringJUnit4ClassRunner.run(SpringJUnit4ClassRunner.java:191)
	at org.eclipse.jdt.internal.junit4.runner.JUnit4TestReference.run(JUnit4TestReference.java:86)
	at org.eclipse.jdt.internal.junit.runner.TestExecution.run(TestExecution.java:38)
	at org.eclipse.jdt.internal.junit.runner.RemoteTestRunner.runTests(RemoteTestRunner.java:459)
	at org.eclipse.jdt.internal.junit.runner.RemoteTestRunner.runTests(RemoteTestRunner.java:675)
	at org.eclipse.jdt.internal.junit.runner.RemoteTestRunner.run(RemoteTestRunner.java:382)
	at org.eclipse.jdt.internal.junit.runner.RemoteTestRunner.main(RemoteTestRunner.java:192)
Caused by: org.springframework.beans.factory.NoSuchBeanDefinitionException: No qualifying bean of type 'com.biz.ICinemaBiz' available: expected at least 1 bean which qualifies as autowire candidate. Dependency annotations: {@org.springframework.beans.factory.annotation.Autowired(required=true)}
	at org.springframework.beans.factory.support.DefaultListableBeanFactory.raiseNoMatchingBeanFound(DefaultListableBeanFactory.java:1493)
	at org.springframework.beans.factory.support.DefaultListableBeanFactory.doResolveDependency(DefaultListableBeanFactory.java:1104)
	at org.springframework.beans.factory.support.DefaultListableBeanFactory.resolveDependency(DefaultListableBeanFactory.java:1066)
	at org.springframework.beans.factory.annotation.AutowiredAnnotationBeanPostProcessor$AutowiredFieldElement.inject(AutowiredAnnotationBeanPostProcessor.java:585)
	... 28 more
2019-09-23 09:02:23  org.springframework.test.context.TestContextManager.prepareTestInstance(TestContextManager.java:234)  Caught exception while allowing TestExecutionListener [org.springframework.test.context.support.DependencyInjectionTestExecutionListener@169bb4dd] to prepare test instance [com.ll.test.TestJsoup@1f9e9475]
org.springframework.beans.factory.UnsatisfiedDependencyException: Error creating bean with name 'com.ll.test.TestJsoup': Unsatisfied dependency expressed through field 'cinemaBizImpl'; nested exception is org.springframework.beans.factory.NoSuchBeanDefinitionException: No qualifying bean of type 'com.biz.ICinemaBiz' available: expected at least 1 bean which qualifies as autowire candidate. Dependency annotations: {@org.springframework.beans.factory.annotation.Autowired(required=true)}
	at org.springframework.beans.factory.annotation.AutowiredAnnotationBeanPostProcessor$AutowiredFieldElement.inject(AutowiredAnnotationBeanPostProcessor.java:588)
	at org.springframework.beans.factory.annotation.InjectionMetadata.inject(InjectionMetadata.java:88)
	at org.springframework.beans.factory.annotation.AutowiredAnnotationBeanPostProcessor.postProcessPropertyValues(AutowiredAnnotationBeanPostProcessor.java:366)
	at org.springframework.beans.factory.support.AbstractAutowireCapableBeanFactory.populateBean(AbstractAutowireCapableBeanFactory.java:1264)
	at org.springframework.beans.factory.support.AbstractAutowireCapableBeanFactory.autowireBeanProperties(AbstractAutowireCapableBeanFactory.java:386)
	at org.springframework.test.context.support.DependencyInjectionTestExecutionListener.injectDependencies(DependencyInjectionTestExecutionListener.java:118)
	at org.springframework.test.context.support.DependencyInjectionTestExecutionListener.prepareTestInstance(DependencyInjectionTestExecutionListener.java:83)
	at org.springframework.test.context.TestContextManager.prepareTestInstance(TestContextManager.java:230)
	at org.springframework.test.context.junit4.SpringJUnit4ClassRunner.createTest(SpringJUnit4ClassRunner.java:228)
	at org.springframework.test.context.junit4.SpringJUnit4ClassRunner$1.runReflectiveCall(SpringJUnit4ClassRunner.java:287)
	at org.junit.internal.runners.model.ReflectiveCallable.run(ReflectiveCallable.java:12)
	at org.springframework.test.context.junit4.SpringJUnit4ClassRunner.methodBlock(SpringJUnit4ClassRunner.java:289)
	at org.springframework.test.context.junit4.SpringJUnit4ClassRunner.runChild(SpringJUnit4ClassRunner.java:247)
	at org.springframework.test.context.junit4.SpringJUnit4ClassRunner.runChild(SpringJUnit4ClassRunner.java:94)
	at org.junit.runners.ParentRunner$3.run(ParentRunner.java:290)
	at org.junit.runners.ParentRunner$1.schedule(ParentRunner.java:71)
	at org.junit.runners.ParentRunner.runChildren(ParentRunner.java:288)
	at org.junit.runners.ParentRunner.access$000(ParentRunner.java:58)
	at org.junit.runners.ParentRunner$2.evaluate(ParentRunner.java:268)
	at org.springframework.test.context.junit4.statements.RunBeforeTestClassCallbacks.evaluate(RunBeforeTestClassCallbacks.java:61)
	at org.springframework.test.context.junit4.statements.RunAfterTestClassCallbacks.evaluate(RunAfterTestClassCallbacks.java:70)
	at org.junit.runners.ParentRunner.run(ParentRunner.java:363)
	at org.springframework.test.context.junit4.SpringJUnit4ClassRunner.run(SpringJUnit4ClassRunner.java:191)
	at org.eclipse.jdt.internal.junit4.runner.JUnit4TestReference.run(JUnit4TestReference.java:86)
	at org.eclipse.jdt.internal.junit.runner.TestExecution.run(TestExecution.java:38)
	at org.eclipse.jdt.internal.junit.runner.RemoteTestRunner.runTests(RemoteTestRunner.java:459)
	at org.eclipse.jdt.internal.junit.runner.RemoteTestRunner.runTests(RemoteTestRunner.java:675)
	at org.eclipse.jdt.internal.junit.runner.RemoteTestRunner.run(RemoteTestRunner.java:382)
	at org.eclipse.jdt.internal.junit.runner.RemoteTestRunner.main(RemoteTestRunner.java:192)
Caused by: org.springframework.beans.factory.NoSuchBeanDefinitionException: No qualifying bean of type 'com.biz.ICinemaBiz' available: expected at least 1 bean which qualifies as autowire candidate. Dependency annotations: {@org.springframework.beans.factory.annotation.Autowired(required=true)}
	at org.springframework.beans.factory.support.DefaultListableBeanFactory.raiseNoMatchingBeanFound(DefaultListableBeanFactory.java:1493)
	at org.springframework.beans.factory.support.DefaultListableBeanFactory.doResolveDependency(DefaultListableBeanFactory.java:1104)
	at org.springframework.beans.factory.support.DefaultListableBeanFactory.resolveDependency(DefaultListableBeanFactory.java:1066)
	at org.springframework.beans.factory.annotation.AutowiredAnnotationBeanPostProcessor$AutowiredFieldElement.inject(AutowiredAnnotationBeanPostProcessor.java:585)
	... 28 more
2019-09-23 09:02:58  org.springframework.test.context.TestContextManager.prepareTestInstance(TestContextManager.java:234)  Caught exception while allowing TestExecutionListener [org.springframework.test.context.support.DependencyInjectionTestExecutionListener@169bb4dd] to prepare test instance [com.ll.test.TestJsoup@1f9e9475]
org.springframework.beans.factory.UnsatisfiedDependencyException: Error creating bean with name 'com.ll.test.TestJsoup': Unsatisfied dependency expressed through field 'cinemaBizImpl'; nested exception is org.springframework.beans.factory.NoSuchBeanDefinitionException: No qualifying bean of type 'com.biz.ICinemaBiz' available: expected at least 1 bean which qualifies as autowire candidate. Dependency annotations: {@org.springframework.beans.factory.annotation.Autowired(required=true)}
	at org.springframework.beans.factory.annotation.AutowiredAnnotationBeanPostProcessor$AutowiredFieldElement.inject(AutowiredAnnotationBeanPostProcessor.java:588)
	at org.springframework.beans.factory.annotation.InjectionMetadata.inject(InjectionMetadata.java:88)
	at org.springframework.beans.factory.annotation.AutowiredAnnotationBeanPostProcessor.postProcessPropertyValues(AutowiredAnnotationBeanPostProcessor.java:366)
	at org.springframework.beans.factory.support.AbstractAutowireCapableBeanFactory.populateBean(AbstractAutowireCapableBeanFactory.java:1264)
	at org.springframework.beans.factory.support.AbstractAutowireCapableBeanFactory.autowireBeanProperties(AbstractAutowireCapableBeanFactory.java:386)
	at org.springframework.test.context.support.DependencyInjectionTestExecutionListener.injectDependencies(DependencyInjectionTestExecutionListener.java:118)
	at org.springframework.test.context.support.DependencyInjectionTestExecutionListener.prepareTestInstance(DependencyInjectionTestExecutionListener.java:83)
	at org.springframework.test.context.TestContextManager.prepareTestInstance(TestContextManager.java:230)
	at org.springframework.test.context.junit4.SpringJUnit4ClassRunner.createTest(SpringJUnit4ClassRunner.java:228)
	at org.springframework.test.context.junit4.SpringJUnit4ClassRunner$1.runReflectiveCall(SpringJUnit4ClassRunner.java:287)
	at org.junit.internal.runners.model.ReflectiveCallable.run(ReflectiveCallable.java:12)
	at org.springframework.test.context.junit4.SpringJUnit4ClassRunner.methodBlock(SpringJUnit4ClassRunner.java:289)
	at org.springframework.test.context.junit4.SpringJUnit4ClassRunner.runChild(SpringJUnit4ClassRunner.java:247)
	at org.springframework.test.context.junit4.SpringJUnit4ClassRunner.runChild(SpringJUnit4ClassRunner.java:94)
	at org.junit.runners.ParentRunner$3.run(ParentRunner.java:290)
	at org.junit.runners.ParentRunner$1.schedule(ParentRunner.java:71)
	at org.junit.runners.ParentRunner.runChildren(ParentRunner.java:288)
	at org.junit.runners.ParentRunner.access$000(ParentRunner.java:58)
	at org.junit.runners.ParentRunner$2.evaluate(ParentRunner.java:268)
	at org.springframework.test.context.junit4.statements.RunBeforeTestClassCallbacks.evaluate(RunBeforeTestClassCallbacks.java:61)
	at org.springframework.test.context.junit4.statements.RunAfterTestClassCallbacks.evaluate(RunAfterTestClassCallbacks.java:70)
	at org.junit.runners.ParentRunner.run(ParentRunner.java:363)
	at org.springframework.test.context.junit4.SpringJUnit4ClassRunner.run(SpringJUnit4ClassRunner.java:191)
	at org.eclipse.jdt.internal.junit4.runner.JUnit4TestReference.run(JUnit4TestReference.java:86)
	at org.eclipse.jdt.internal.junit.runner.TestExecution.run(TestExecution.java:38)
	at org.eclipse.jdt.internal.junit.runner.RemoteTestRunner.runTests(RemoteTestRunner.java:459)
	at org.eclipse.jdt.internal.junit.runner.RemoteTestRunner.runTests(RemoteTestRunner.java:675)
	at org.eclipse.jdt.internal.junit.runner.RemoteTestRunner.run(RemoteTestRunner.java:382)
	at org.eclipse.jdt.internal.junit.runner.RemoteTestRunner.main(RemoteTestRunner.java:192)
Caused by: org.springframework.beans.factory.NoSuchBeanDefinitionException: No qualifying bean of type 'com.biz.ICinemaBiz' available: expected at least 1 bean which qualifies as autowire candidate. Dependency annotations: {@org.springframework.beans.factory.annotation.Autowired(required=true)}
	at org.springframework.beans.factory.support.DefaultListableBeanFactory.raiseNoMatchingBeanFound(DefaultListableBeanFactory.java:1493)
	at org.springframework.beans.factory.support.DefaultListableBeanFactory.doResolveDependency(DefaultListableBeanFactory.java:1104)
	at org.springframework.beans.factory.support.DefaultListableBeanFactory.resolveDependency(DefaultListableBeanFactory.java:1066)
	at org.springframework.beans.factory.annotation.AutowiredAnnotationBeanPostProcessor$AutowiredFieldElement.inject(AutowiredAnnotationBeanPostProcessor.java:585)
	... 28 more
2019-09-23 09:06:48  org.springframework.test.context.TestContextManager.prepareTestInstance(TestContextManager.java:234)  Caught exception while allowing TestExecutionListener [org.springframework.test.context.support.DependencyInjectionTestExecutionListener@169bb4dd] to prepare test instance [com.ll.test.TestJsoup@1f9e9475]
org.springframework.beans.factory.UnsatisfiedDependencyException: Error creating bean with name 'com.ll.test.TestJsoup': Unsatisfied dependency expressed through field 'biz'; nested exception is org.springframework.beans.factory.NoSuchBeanDefinitionException: No qualifying bean of type 'com.biz.ICinemaBiz' available: expected at least 1 bean which qualifies as autowire candidate. Dependency annotations: {@org.springframework.beans.factory.annotation.Autowired(required=true)}
	at org.springframework.beans.factory.annotation.AutowiredAnnotationBeanPostProcessor$AutowiredFieldElement.inject(AutowiredAnnotationBeanPostProcessor.java:588)
	at org.springframework.beans.factory.annotation.InjectionMetadata.inject(InjectionMetadata.java:88)
	at org.springframework.beans.factory.annotation.AutowiredAnnotationBeanPostProcessor.postProcessPropertyValues(AutowiredAnnotationBeanPostProcessor.java:366)
	at org.springframework.beans.factory.support.AbstractAutowireCapableBeanFactory.populateBean(AbstractAutowireCapableBeanFactory.java:1264)
	at org.springframework.beans.factory.support.AbstractAutowireCapableBeanFactory.autowireBeanProperties(AbstractAutowireCapableBeanFactory.java:386)
	at org.springframework.test.context.support.DependencyInjectionTestExecutionListener.injectDependencies(DependencyInjectionTestExecutionListener.java:118)
	at org.springframework.test.context.support.DependencyInjectionTestExecutionListener.prepareTestInstance(DependencyInjectionTestExecutionListener.java:83)
	at org.springframework.test.context.TestContextManager.prepareTestInstance(TestContextManager.java:230)
	at org.springframework.test.context.junit4.SpringJUnit4ClassRunner.createTest(SpringJUnit4ClassRunner.java:228)
	at org.springframework.test.context.junit4.SpringJUnit4ClassRunner$1.runReflectiveCall(SpringJUnit4ClassRunner.java:287)
	at org.junit.internal.runners.model.ReflectiveCallable.run(ReflectiveCallable.java:12)
	at org.springframework.test.context.junit4.SpringJUnit4ClassRunner.methodBlock(SpringJUnit4ClassRunner.java:289)
	at org.springframework.test.context.junit4.SpringJUnit4ClassRunner.runChild(SpringJUnit4ClassRunner.java:247)
	at org.springframework.test.context.junit4.SpringJUnit4ClassRunner.runChild(SpringJUnit4ClassRunner.java:94)
	at org.junit.runners.ParentRunner$3.run(ParentRunner.java:290)
	at org.junit.runners.ParentRunner$1.schedule(ParentRunner.java:71)
	at org.junit.runners.ParentRunner.runChildren(ParentRunner.java:288)
	at org.junit.runners.ParentRunner.access$000(ParentRunner.java:58)
	at org.junit.runners.ParentRunner$2.evaluate(ParentRunner.java:268)
	at org.springframework.test.context.junit4.statements.RunBeforeTestClassCallbacks.evaluate(RunBeforeTestClassCallbacks.java:61)
	at org.springframework.test.context.junit4.statements.RunAfterTestClassCallbacks.evaluate(RunAfterTestClassCallbacks.java:70)
	at org.junit.runners.ParentRunner.run(ParentRunner.java:363)
	at org.springframework.test.context.junit4.SpringJUnit4ClassRunner.run(SpringJUnit4ClassRunner.java:191)
	at org.eclipse.jdt.internal.junit4.runner.JUnit4TestReference.run(JUnit4TestReference.java:86)
	at org.eclipse.jdt.internal.junit.runner.TestExecution.run(TestExecution.java:38)
	at org.eclipse.jdt.internal.junit.runner.RemoteTestRunner.runTests(RemoteTestRunner.java:459)
	at org.eclipse.jdt.internal.junit.runner.RemoteTestRunner.runTests(RemoteTestRunner.java:675)
	at org.eclipse.jdt.internal.junit.runner.RemoteTestRunner.run(RemoteTestRunner.java:382)
	at org.eclipse.jdt.internal.junit.runner.RemoteTestRunner.main(RemoteTestRunner.java:192)
Caused by: org.springframework.beans.factory.NoSuchBeanDefinitionException: No qualifying bean of type 'com.biz.ICinemaBiz' available: expected at least 1 bean which qualifies as autowire candidate. Dependency annotations: {@org.springframework.beans.factory.annotation.Autowired(required=true)}
	at org.springframework.beans.factory.support.DefaultListableBeanFactory.raiseNoMatchingBeanFound(DefaultListableBeanFactory.java:1493)
	at org.springframework.beans.factory.support.DefaultListableBeanFactory.doResolveDependency(DefaultListableBeanFactory.java:1104)
	at org.springframework.beans.factory.support.DefaultListableBeanFactory.resolveDependency(DefaultListableBeanFactory.java:1066)
	at org.springframework.beans.factory.annotation.AutowiredAnnotationBeanPostProcessor$AutowiredFieldElement.inject(AutowiredAnnotationBeanPostProcessor.java:585)
	... 28 more
2019-09-23 09:24:08  org.springframework.test.context.TestContextManager.prepareTestInstance(TestContextManager.java:234)  Caught exception while allowing TestExecutionListener [org.springframework.test.context.support.DependencyInjectionTestExecutionListener@169bb4dd] to prepare test instance [com.ll.test.TestJsoup@1f9e9475]
org.springframework.beans.factory.UnsatisfiedDependencyException: Error creating bean with name 'com.ll.test.TestJsoup': Unsatisfied dependency expressed through field 'biz'; nested exception is org.springframework.beans.factory.NoSuchBeanDefinitionException: No qualifying bean of type 'com.biz.ICinemaBiz' available: expected at least 1 bean which qualifies as autowire candidate. Dependency annotations: {@org.springframework.beans.factory.annotation.Autowired(required=true)}
	at org.springframework.beans.factory.annotation.AutowiredAnnotationBeanPostProcessor$AutowiredFieldElement.inject(AutowiredAnnotationBeanPostProcessor.java:588)
	at org.springframework.beans.factory.annotation.InjectionMetadata.inject(InjectionMetadata.java:88)
	at org.springframework.beans.factory.annotation.AutowiredAnnotationBeanPostProcessor.postProcessPropertyValues(AutowiredAnnotationBeanPostProcessor.java:366)
	at org.springframework.beans.factory.support.AbstractAutowireCapableBeanFactory.populateBean(AbstractAutowireCapableBeanFactory.java:1264)
	at org.springframework.beans.factory.support.AbstractAutowireCapableBeanFactory.autowireBeanProperties(AbstractAutowireCapableBeanFactory.java:386)
	at org.springframework.test.context.support.DependencyInjectionTestExecutionListener.injectDependencies(DependencyInjectionTestExecutionListener.java:118)
	at org.springframework.test.context.support.DependencyInjectionTestExecutionListener.prepareTestInstance(DependencyInjectionTestExecutionListener.java:83)
	at org.springframework.test.context.TestContextManager.prepareTestInstance(TestContextManager.java:230)
	at org.springframework.test.context.junit4.SpringJUnit4ClassRunner.createTest(SpringJUnit4ClassRunner.java:228)
	at org.springframework.test.context.junit4.SpringJUnit4ClassRunner$1.runReflectiveCall(SpringJUnit4ClassRunner.java:287)
	at org.junit.internal.runners.model.ReflectiveCallable.run(ReflectiveCallable.java:12)
	at org.springframework.test.context.junit4.SpringJUnit4ClassRunner.methodBlock(SpringJUnit4ClassRunner.java:289)
	at org.springframework.test.context.junit4.SpringJUnit4ClassRunner.runChild(SpringJUnit4ClassRunner.java:247)
	at org.springframework.test.context.junit4.SpringJUnit4ClassRunner.runChild(SpringJUnit4ClassRunner.java:94)
	at org.junit.runners.ParentRunner$3.run(ParentRunner.java:290)
	at org.junit.runners.ParentRunner$1.schedule(ParentRunner.java:71)
	at org.junit.runners.ParentRunner.runChildren(ParentRunner.java:288)
	at org.junit.runners.ParentRunner.access$000(ParentRunner.java:58)
	at org.junit.runners.ParentRunner$2.evaluate(ParentRunner.java:268)
	at org.springframework.test.context.junit4.statements.RunBeforeTestClassCallbacks.evaluate(RunBeforeTestClassCallbacks.java:61)
	at org.springframework.test.context.junit4.statements.RunAfterTestClassCallbacks.evaluate(RunAfterTestClassCallbacks.java:70)
	at org.junit.runners.ParentRunner.run(ParentRunner.java:363)
	at org.springframework.test.context.junit4.SpringJUnit4ClassRunner.run(SpringJUnit4ClassRunner.java:191)
	at org.eclipse.jdt.internal.junit4.runner.JUnit4TestReference.run(JUnit4TestReference.java:86)
	at org.eclipse.jdt.internal.junit.runner.TestExecution.run(TestExecution.java:38)
	at org.eclipse.jdt.internal.junit.runner.RemoteTestRunner.runTests(RemoteTestRunner.java:459)
	at org.eclipse.jdt.internal.junit.runner.RemoteTestRunner.runTests(RemoteTestRunner.java:675)
	at org.eclipse.jdt.internal.junit.runner.RemoteTestRunner.run(RemoteTestRunner.java:382)
	at org.eclipse.jdt.internal.junit.runner.RemoteTestRunner.main(RemoteTestRunner.java:192)
Caused by: org.springframework.beans.factory.NoSuchBeanDefinitionException: No qualifying bean of type 'com.biz.ICinemaBiz' available: expected at least 1 bean which qualifies as autowire candidate. Dependency annotations: {@org.springframework.beans.factory.annotation.Autowired(required=true)}
	at org.springframework.beans.factory.support.DefaultListableBeanFactory.raiseNoMatchingBeanFound(DefaultListableBeanFactory.java:1493)
	at org.springframework.beans.factory.support.DefaultListableBeanFactory.doResolveDependency(DefaultListableBeanFactory.java:1104)
	at org.springframework.beans.factory.support.DefaultListableBeanFactory.resolveDependency(DefaultListableBeanFactory.java:1066)
	at org.springframework.beans.factory.annotation.AutowiredAnnotationBeanPostProcessor$AutowiredFieldElement.inject(AutowiredAnnotationBeanPostProcessor.java:585)
	... 28 more
2019-09-23 09:26:18  org.springframework.test.context.TestContextManager.prepareTestInstance(TestContextManager.java:234)  Caught exception while allowing TestExecutionListener [org.springframework.test.context.support.DependencyInjectionTestExecutionListener@798162bc] to prepare test instance [com.ll.test.TestJsoup@1df8da7a]
org.springframework.beans.factory.UnsatisfiedDependencyException: Error creating bean with name 'com.ll.test.TestJsoup': Unsatisfied dependency expressed through field 'cinemaBiz'; nested exception is org.springframework.beans.factory.NoSuchBeanDefinitionException: No qualifying bean of type 'com.biz.ICinemaBiz' available: expected at least 1 bean which qualifies as autowire candidate. Dependency annotations: {@org.springframework.beans.factory.annotation.Autowired(required=true)}
	at org.springframework.beans.factory.annotation.AutowiredAnnotationBeanPostProcessor$AutowiredFieldElement.inject(AutowiredAnnotationBeanPostProcessor.java:588)
	at org.springframework.beans.factory.annotation.InjectionMetadata.inject(InjectionMetadata.java:88)
	at org.springframework.beans.factory.annotation.AutowiredAnnotationBeanPostProcessor.postProcessPropertyValues(AutowiredAnnotationBeanPostProcessor.java:366)
	at org.springframework.beans.factory.support.AbstractAutowireCapableBeanFactory.populateBean(AbstractAutowireCapableBeanFactory.java:1264)
	at org.springframework.beans.factory.support.AbstractAutowireCapableBeanFactory.autowireBeanProperties(AbstractAutowireCapableBeanFactory.java:386)
	at org.springframework.test.context.support.DependencyInjectionTestExecutionListener.injectDependencies(DependencyInjectionTestExecutionListener.java:118)
	at org.springframework.test.context.support.DependencyInjectionTestExecutionListener.prepareTestInstance(DependencyInjectionTestExecutionListener.java:83)
	at org.springframework.test.context.TestContextManager.prepareTestInstance(TestContextManager.java:230)
	at org.springframework.test.context.junit4.SpringJUnit4ClassRunner.createTest(SpringJUnit4ClassRunner.java:228)
	at org.springframework.test.context.junit4.SpringJUnit4ClassRunner$1.runReflectiveCall(SpringJUnit4ClassRunner.java:287)
	at org.junit.internal.runners.model.ReflectiveCallable.run(ReflectiveCallable.java:12)
	at org.springframework.test.context.junit4.SpringJUnit4ClassRunner.methodBlock(SpringJUnit4ClassRunner.java:289)
	at org.springframework.test.context.junit4.SpringJUnit4ClassRunner.runChild(SpringJUnit4ClassRunner.java:247)
	at org.springframework.test.context.junit4.SpringJUnit4ClassRunner.runChild(SpringJUnit4ClassRunner.java:94)
	at org.junit.runners.ParentRunner$3.run(ParentRunner.java:290)
	at org.junit.runners.ParentRunner$1.schedule(ParentRunner.java:71)
	at org.junit.runners.ParentRunner.runChildren(ParentRunner.java:288)
	at org.junit.runners.ParentRunner.access$000(ParentRunner.java:58)
	at org.junit.runners.ParentRunner$2.evaluate(ParentRunner.java:268)
	at org.springframework.test.context.junit4.statements.RunBeforeTestClassCallbacks.evaluate(RunBeforeTestClassCallbacks.java:61)
	at org.springframework.test.context.junit4.statements.RunAfterTestClassCallbacks.evaluate(RunAfterTestClassCallbacks.java:70)
	at org.junit.runners.ParentRunner.run(ParentRunner.java:363)
	at org.springframework.test.context.junit4.SpringJUnit4ClassRunner.run(SpringJUnit4ClassRunner.java:191)
	at org.eclipse.jdt.internal.junit4.runner.JUnit4TestReference.run(JUnit4TestReference.java:86)
	at org.eclipse.jdt.internal.junit.runner.TestExecution.run(TestExecution.java:38)
	at org.eclipse.jdt.internal.junit.runner.RemoteTestRunner.runTests(RemoteTestRunner.java:459)
	at org.eclipse.jdt.internal.junit.runner.RemoteTestRunner.runTests(RemoteTestRunner.java:675)
	at org.eclipse.jdt.internal.junit.runner.RemoteTestRunner.run(RemoteTestRunner.java:382)
	at org.eclipse.jdt.internal.junit.runner.RemoteTestRunner.main(RemoteTestRunner.java:192)
Caused by: org.springframework.beans.factory.NoSuchBeanDefinitionException: No qualifying bean of type 'com.biz.ICinemaBiz' available: expected at least 1 bean which qualifies as autowire candidate. Dependency annotations: {@org.springframework.beans.factory.annotation.Autowired(required=true)}
	at org.springframework.beans.factory.support.DefaultListableBeanFactory.raiseNoMatchingBeanFound(DefaultListableBeanFactory.java:1493)
	at org.springframework.beans.factory.support.DefaultListableBeanFactory.doResolveDependency(DefaultListableBeanFactory.java:1104)
	at org.springframework.beans.factory.support.DefaultListableBeanFactory.resolveDependency(DefaultListableBeanFactory.java:1066)
	at org.springframework.beans.factory.annotation.AutowiredAnnotationBeanPostProcessor$AutowiredFieldElement.inject(AutowiredAnnotationBeanPostProcessor.java:585)
	... 28 more
2019-09-23 09:27:55  org.springframework.test.context.TestContextManager.prepareTestInstance(TestContextManager.java:234)  Caught exception while allowing TestExecutionListener [org.springframework.test.context.support.DependencyInjectionTestExecutionListener@169bb4dd] to prepare test instance [com.ll.test.TestJsoup@1f9e9475]
org.springframework.beans.factory.UnsatisfiedDependencyException: Error creating bean with name 'com.ll.test.TestJsoup': Unsatisfied dependency expressed through field 'cinemaBizImpl'; nested exception is org.springframework.beans.factory.NoSuchBeanDefinitionException: No qualifying bean of type 'com.biz.ICinemaBiz' available: expected at least 1 bean which qualifies as autowire candidate. Dependency annotations: {@org.springframework.beans.factory.annotation.Autowired(required=true)}
	at org.springframework.beans.factory.annotation.AutowiredAnnotationBeanPostProcessor$AutowiredFieldElement.inject(AutowiredAnnotationBeanPostProcessor.java:588)
	at org.springframework.beans.factory.annotation.InjectionMetadata.inject(InjectionMetadata.java:88)
	at org.springframework.beans.factory.annotation.AutowiredAnnotationBeanPostProcessor.postProcessPropertyValues(AutowiredAnnotationBeanPostProcessor.java:366)
	at org.springframework.beans.factory.support.AbstractAutowireCapableBeanFactory.populateBean(AbstractAutowireCapableBeanFactory.java:1264)
	at org.springframework.beans.factory.support.AbstractAutowireCapableBeanFactory.autowireBeanProperties(AbstractAutowireCapableBeanFactory.java:386)
	at org.springframework.test.context.support.DependencyInjectionTestExecutionListener.injectDependencies(DependencyInjectionTestExecutionListener.java:118)
	at org.springframework.test.context.support.DependencyInjectionTestExecutionListener.prepareTestInstance(DependencyInjectionTestExecutionListener.java:83)
	at org.springframework.test.context.TestContextManager.prepareTestInstance(TestContextManager.java:230)
	at org.springframework.test.context.junit4.SpringJUnit4ClassRunner.createTest(SpringJUnit4ClassRunner.java:228)
	at org.springframework.test.context.junit4.SpringJUnit4ClassRunner$1.runReflectiveCall(SpringJUnit4ClassRunner.java:287)
	at org.junit.internal.runners.model.ReflectiveCallable.run(ReflectiveCallable.java:12)
	at org.springframework.test.context.junit4.SpringJUnit4ClassRunner.methodBlock(SpringJUnit4ClassRunner.java:289)
	at org.springframework.test.context.junit4.SpringJUnit4ClassRunner.runChild(SpringJUnit4ClassRunner.java:247)
	at org.springframework.test.context.junit4.SpringJUnit4ClassRunner.runChild(SpringJUnit4ClassRunner.java:94)
	at org.junit.runners.ParentRunner$3.run(ParentRunner.java:290)
	at org.junit.runners.ParentRunner$1.schedule(ParentRunner.java:71)
	at org.junit.runners.ParentRunner.runChildren(ParentRunner.java:288)
	at org.junit.runners.ParentRunner.access$000(ParentRunner.java:58)
	at org.junit.runners.ParentRunner$2.evaluate(ParentRunner.java:268)
	at org.springframework.test.context.junit4.statements.RunBeforeTestClassCallbacks.evaluate(RunBeforeTestClassCallbacks.java:61)
	at org.springframework.test.context.junit4.statements.RunAfterTestClassCallbacks.evaluate(RunAfterTestClassCallbacks.java:70)
	at org.junit.runners.ParentRunner.run(ParentRunner.java:363)
	at org.springframework.test.context.junit4.SpringJUnit4ClassRunner.run(SpringJUnit4ClassRunner.java:191)
	at org.eclipse.jdt.internal.junit4.runner.JUnit4TestReference.run(JUnit4TestReference.java:86)
	at org.eclipse.jdt.internal.junit.runner.TestExecution.run(TestExecution.java:38)
	at org.eclipse.jdt.internal.junit.runner.RemoteTestRunner.runTests(RemoteTestRunner.java:459)
	at org.eclipse.jdt.internal.junit.runner.RemoteTestRunner.runTests(RemoteTestRunner.java:675)
	at org.eclipse.jdt.internal.junit.runner.RemoteTestRunner.run(RemoteTestRunner.java:382)
	at org.eclipse.jdt.internal.junit.runner.RemoteTestRunner.main(RemoteTestRunner.java:192)
Caused by: org.springframework.beans.factory.NoSuchBeanDefinitionException: No qualifying bean of type 'com.biz.ICinemaBiz' available: expected at least 1 bean which qualifies as autowire candidate. Dependency annotations: {@org.springframework.beans.factory.annotation.Autowired(required=true)}
	at org.springframework.beans.factory.support.DefaultListableBeanFactory.raiseNoMatchingBeanFound(DefaultListableBeanFactory.java:1493)
	at org.springframework.beans.factory.support.DefaultListableBeanFactory.doResolveDependency(DefaultListableBeanFactory.java:1104)
	at org.springframework.beans.factory.support.DefaultListableBeanFactory.resolveDependency(DefaultListableBeanFactory.java:1066)
	at org.springframework.beans.factory.annotation.AutowiredAnnotationBeanPostProcessor$AutowiredFieldElement.inject(AutowiredAnnotationBeanPostProcessor.java:585)
	... 28 more
2019-09-23 09:31:14  org.apache.http.client.protocol.ResponseProcessCookies.processCookies(ResponseProcessCookies.java:130)  Invalid cookie header: "Set-Cookie: uuid_n_v=v1; path=/; expires=Wed, 23 Oct 2019 01:31:13 GMT". Invalid 'expires' attribute: Wed, 23 Oct 2019 01:31:13 GMT
2019-09-23 09:31:14  org.apache.http.client.protocol.ResponseProcessCookies.processCookies(ResponseProcessCookies.java:130)  Invalid cookie header: "Set-Cookie: uuid=D4A99EF0DDA111E9B91961B34FBA37AD5BC2BA3AA4C4461D82BF6E91B831E59E; path=/; expires=Wed, 23 Oct 2019 01:31:13 GMT". Invalid 'expires' attribute: Wed, 23 Oct 2019 01:31:13 GMT
2019-09-23 09:31:14  org.apache.http.client.protocol.ResponseProcessCookies.processCookies(ResponseProcessCookies.java:130)  Invalid cookie header: "Set-Cookie: lt=; path=/; expires=Thu, 01 Jan 1970 00:00:00 GMT; httponly". Invalid 'expires' attribute: Thu, 01 Jan 1970 00:00:00 GMT
2019-09-23 09:31:14  org.apache.http.client.protocol.ResponseProcessCookies.processCookies(ResponseProcessCookies.java:130)  Invalid cookie header: "Set-Cookie: lt.sig=y8Z35vm0s33pZar20SZcdcJx7mE; path=/; expires=Thu, 01 Jan 1970 00:00:00 GMT; httponly". Invalid 'expires' attribute: Thu, 01 Jan 1970 00:00:00 GMT
2019-09-23 09:31:15  org.apache.http.client.protocol.ResponseProcessCookies.processCookies(ResponseProcessCookies.java:130)  Invalid cookie header: "Set-Cookie: uuid_n_v=v1; path=/; expires=Wed, 23 Oct 2019 01:31:14 GMT". Invalid 'expires' attribute: Wed, 23 Oct 2019 01:31:14 GMT
2019-09-23 09:31:15  org.apache.http.client.protocol.ResponseProcessCookies.processCookies(ResponseProcessCookies.java:130)  Invalid cookie header: "Set-Cookie: uuid=D4F10830DDA111E9B6D80B99E77593C30FA9AC14AEE441F5B54CEC59D5A1731D; path=/; expires=Wed, 23 Oct 2019 01:31:14 GMT". Invalid 'expires' attribute: Wed, 23 Oct 2019 01:31:14 GMT
2019-09-23 09:31:15  org.apache.http.client.protocol.ResponseProcessCookies.processCookies(ResponseProcessCookies.java:130)  Invalid cookie header: "Set-Cookie: lt=; path=/; expires=Thu, 01 Jan 1970 00:00:00 GMT; httponly". Invalid 'expires' attribute: Thu, 01 Jan 1970 00:00:00 GMT
2019-09-23 09:31:15  org.apache.http.client.protocol.ResponseProcessCookies.processCookies(ResponseProcessCookies.java:130)  Invalid cookie header: "Set-Cookie: lt.sig=y8Z35vm0s33pZar20SZcdcJx7mE; path=/; expires=Thu, 01 Jan 1970 00:00:00 GMT; httponly". Invalid 'expires' attribute: Thu, 01 Jan 1970 00:00:00 GMT
2019-09-23 10:09:35  org.apache.http.client.protocol.ResponseProcessCookies.processCookies(ResponseProcessCookies.java:130)  Invalid cookie header: "Set-Cookie: uuid_n_v=v1; path=/; expires=Wed, 23 Oct 2019 02:09:34 GMT". Invalid 'expires' attribute: Wed, 23 Oct 2019 02:09:34 GMT
2019-09-23 10:09:35  org.apache.http.client.protocol.ResponseProcessCookies.processCookies(ResponseProcessCookies.java:130)  Invalid cookie header: "Set-Cookie: uuid=2FF51AA0DDA711E98833B7D6B91EDA279060DB2B0CAA4F9EA87560DC45D2BFA3; path=/; expires=Wed, 23 Oct 2019 02:09:34 GMT". Invalid 'expires' attribute: Wed, 23 Oct 2019 02:09:34 GMT
2019-09-23 10:09:35  org.apache.http.client.protocol.ResponseProcessCookies.processCookies(ResponseProcessCookies.java:130)  Invalid cookie header: "Set-Cookie: lt=; path=/; expires=Thu, 01 Jan 1970 00:00:00 GMT; httponly". Invalid 'expires' attribute: Thu, 01 Jan 1970 00:00:00 GMT
2019-09-23 10:09:35  org.apache.http.client.protocol.ResponseProcessCookies.processCookies(ResponseProcessCookies.java:130)  Invalid cookie header: "Set-Cookie: lt.sig=y8Z35vm0s33pZar20SZcdcJx7mE; path=/; expires=Thu, 01 Jan 1970 00:00:00 GMT; httponly". Invalid 'expires' attribute: Thu, 01 Jan 1970 00:00:00 GMT
2019-09-23 10:09:35  org.apache.http.client.protocol.ResponseProcessCookies.processCookies(ResponseProcessCookies.java:130)  Invalid cookie header: "Set-Cookie: uuid_n_v=v1; path=/; expires=Wed, 23 Oct 2019 02:09:34 GMT". Invalid 'expires' attribute: Wed, 23 Oct 2019 02:09:34 GMT
2019-09-23 10:09:35  org.apache.http.client.protocol.ResponseProcessCookies.processCookies(ResponseProcessCookies.java:130)  Invalid cookie header: "Set-Cookie: uuid=3033D150DDA711E9A66B358AB260E81D0D72E16F873143EF84FBB78FB4EBA844; path=/; expires=Wed, 23 Oct 2019 02:09:34 GMT". Invalid 'expires' attribute: Wed, 23 Oct 2019 02:09:34 GMT
2019-09-23 10:09:35  org.apache.http.client.protocol.ResponseProcessCookies.processCookies(ResponseProcessCookies.java:130)  Invalid cookie header: "Set-Cookie: lt=; path=/; expires=Thu, 01 Jan 1970 00:00:00 GMT; httponly". Invalid 'expires' attribute: Thu, 01 Jan 1970 00:00:00 GMT
2019-09-23 10:09:35  org.apache.http.client.protocol.ResponseProcessCookies.processCookies(ResponseProcessCookies.java:130)  Invalid cookie header: "Set-Cookie: lt.sig=y8Z35vm0s33pZar20SZcdcJx7mE; path=/; expires=Thu, 01 Jan 1970 00:00:00 GMT; httponly". Invalid 'expires' attribute: Thu, 01 Jan 1970 00:00:00 GMT
2019-09-23 10:14:05  org.apache.http.client.protocol.ResponseProcessCookies.processCookies(ResponseProcessCookies.java:130)  Invalid cookie header: "Set-Cookie: uuid_n_v=v1; path=/; expires=Wed, 23 Oct 2019 02:14:04 GMT". Invalid 'expires' attribute: Wed, 23 Oct 2019 02:14:04 GMT
2019-09-23 10:14:05  org.apache.http.client.protocol.ResponseProcessCookies.processCookies(ResponseProcessCookies.java:130)  Invalid cookie header: "Set-Cookie: uuid=D0E694C0DDA711E985953714D905CA54C604F947FB1048C4A644C2458CCCDC0A; path=/; expires=Wed, 23 Oct 2019 02:14:04 GMT". Invalid 'expires' attribute: Wed, 23 Oct 2019 02:14:04 GMT
2019-09-23 10:14:05  org.apache.http.client.protocol.ResponseProcessCookies.processCookies(ResponseProcessCookies.java:130)  Invalid cookie header: "Set-Cookie: lt=; path=/; expires=Thu, 01 Jan 1970 00:00:00 GMT; httponly". Invalid 'expires' attribute: Thu, 01 Jan 1970 00:00:00 GMT
2019-09-23 10:14:05  org.apache.http.client.protocol.ResponseProcessCookies.processCookies(ResponseProcessCookies.java:130)  Invalid cookie header: "Set-Cookie: lt.sig=y8Z35vm0s33pZar20SZcdcJx7mE; path=/; expires=Thu, 01 Jan 1970 00:00:00 GMT; httponly". Invalid 'expires' attribute: Thu, 01 Jan 1970 00:00:00 GMT
2019-09-23 10:17:44  org.apache.http.client.protocol.ResponseProcessCookies.processCookies(ResponseProcessCookies.java:130)  Invalid cookie header: "Set-Cookie: uuid_n_v=v1; path=/; expires=Wed, 23 Oct 2019 02:17:43 GMT". Invalid 'expires' attribute: Wed, 23 Oct 2019 02:17:43 GMT
2019-09-23 10:17:44  org.apache.http.client.protocol.ResponseProcessCookies.processCookies(ResponseProcessCookies.java:130)  Invalid cookie header: "Set-Cookie: uuid=53824000DDA811E9B21C8B2A21336BA5729E10EC6775493AA77987B2B2A22526; path=/; expires=Wed, 23 Oct 2019 02:17:43 GMT". Invalid 'expires' attribute: Wed, 23 Oct 2019 02:17:43 GMT
2019-09-23 10:17:44  org.apache.http.client.protocol.ResponseProcessCookies.processCookies(ResponseProcessCookies.java:130)  Invalid cookie header: "Set-Cookie: lt=; path=/; expires=Thu, 01 Jan 1970 00:00:00 GMT; httponly". Invalid 'expires' attribute: Thu, 01 Jan 1970 00:00:00 GMT
2019-09-23 10:17:44  org.apache.http.client.protocol.ResponseProcessCookies.processCookies(ResponseProcessCookies.java:130)  Invalid cookie header: "Set-Cookie: lt.sig=y8Z35vm0s33pZar20SZcdcJx7mE; path=/; expires=Thu, 01 Jan 1970 00:00:00 GMT; httponly". Invalid 'expires' attribute: Thu, 01 Jan 1970 00:00:00 GMT
2019-09-23 10:36:23  org.apache.http.client.protocol.ResponseProcessCookies.processCookies(ResponseProcessCookies.java:130)  Invalid cookie header: "Set-Cookie: uuid_n_v=v1; path=/; expires=Wed, 23 Oct 2019 02:36:22 GMT". Invalid 'expires' attribute: Wed, 23 Oct 2019 02:36:22 GMT
2019-09-23 10:36:23  org.apache.http.client.protocol.ResponseProcessCookies.processCookies(ResponseProcessCookies.java:130)  Invalid cookie header: "Set-Cookie: uuid=EE8911D0DDAA11E995DC89D3BE0EBEF6CDE8E4DD250847AA8349BE3A139D65D7; path=/; expires=Wed, 23 Oct 2019 02:36:22 GMT". Invalid 'expires' attribute: Wed, 23 Oct 2019 02:36:22 GMT
2019-09-23 10:36:23  org.apache.http.client.protocol.ResponseProcessCookies.processCookies(ResponseProcessCookies.java:130)  Invalid cookie header: "Set-Cookie: lt=; path=/; expires=Thu, 01 Jan 1970 00:00:00 GMT; httponly". Invalid 'expires' attribute: Thu, 01 Jan 1970 00:00:00 GMT
2019-09-23 10:36:23  org.apache.http.client.protocol.ResponseProcessCookies.processCookies(ResponseProcessCookies.java:130)  Invalid cookie header: "Set-Cookie: lt.sig=y8Z35vm0s33pZar20SZcdcJx7mE; path=/; expires=Thu, 01 Jan 1970 00:00:00 GMT; httponly". Invalid 'expires' attribute: Thu, 01 Jan 1970 00:00:00 GMT
2019-09-23 10:48:26  org.apache.http.client.protocol.ResponseProcessCookies.processCookies(ResponseProcessCookies.java:130)  Invalid cookie header: "Set-Cookie: uuid_n_v=v1; path=/; expires=Wed, 23 Oct 2019 02:48:25 GMT". Invalid 'expires' attribute: Wed, 23 Oct 2019 02:48:25 GMT
2019-09-23 10:48:26  org.apache.http.client.protocol.ResponseProcessCookies.processCookies(ResponseProcessCookies.java:130)  Invalid cookie header: "Set-Cookie: uuid=9D502720DDAC11E9B21C8B2A21336BA5934A9A574434446ABAE91A206AFBA28D; path=/; expires=Wed, 23 Oct 2019 02:48:25 GMT". Invalid 'expires' attribute: Wed, 23 Oct 2019 02:48:25 GMT
2019-09-23 10:48:26  org.apache.http.client.protocol.ResponseProcessCookies.processCookies(ResponseProcessCookies.java:130)  Invalid cookie header: "Set-Cookie: lt=; path=/; expires=Thu, 01 Jan 1970 00:00:00 GMT; httponly". Invalid 'expires' attribute: Thu, 01 Jan 1970 00:00:00 GMT
2019-09-23 10:48:26  org.apache.http.client.protocol.ResponseProcessCookies.processCookies(ResponseProcessCookies.java:130)  Invalid cookie header: "Set-Cookie: lt.sig=y8Z35vm0s33pZar20SZcdcJx7mE; path=/; expires=Thu, 01 Jan 1970 00:00:00 GMT; httponly". Invalid 'expires' attribute: Thu, 01 Jan 1970 00:00:00 GMT
2019-09-23 10:48:26  org.apache.http.client.protocol.ResponseProcessCookies.processCookies(ResponseProcessCookies.java:130)  Invalid cookie header: "Set-Cookie: uuid_n_v=v1; path=/; expires=Wed, 23 Oct 2019 02:48:25 GMT". Invalid 'expires' attribute: Wed, 23 Oct 2019 02:48:25 GMT
2019-09-23 10:48:26  org.apache.http.client.protocol.ResponseProcessCookies.processCookies(ResponseProcessCookies.java:130)  Invalid cookie header: "Set-Cookie: uuid=9D97DE80DDAC11E992DDB77337523A40AE92CFAF64BC423AA56841DB639F945B; path=/; expires=Wed, 23 Oct 2019 02:48:25 GMT". Invalid 'expires' attribute: Wed, 23 Oct 2019 02:48:25 GMT
2019-09-23 10:48:26  org.apache.http.client.protocol.ResponseProcessCookies.processCookies(ResponseProcessCookies.java:130)  Invalid cookie header: "Set-Cookie: lt=; path=/; expires=Thu, 01 Jan 1970 00:00:00 GMT; httponly". Invalid 'expires' attribute: Thu, 01 Jan 1970 00:00:00 GMT
2019-09-23 10:48:26  org.apache.http.client.protocol.ResponseProcessCookies.processCookies(ResponseProcessCookies.java:130)  Invalid cookie header: "Set-Cookie: lt.sig=y8Z35vm0s33pZar20SZcdcJx7mE; path=/; expires=Thu, 01 Jan 1970 00:00:00 GMT; httponly". Invalid 'expires' attribute: Thu, 01 Jan 1970 00:00:00 GMT
2019-09-23 10:48:27  org.apache.http.client.protocol.ResponseProcessCookies.processCookies(ResponseProcessCookies.java:130)  Invalid cookie header: "Set-Cookie: uuid_n_v=v1; path=/; expires=Wed, 23 Oct 2019 02:48:26 GMT". Invalid 'expires' attribute: Wed, 23 Oct 2019 02:48:26 GMT
2019-09-23 10:48:27  org.apache.http.client.protocol.ResponseProcessCookies.processCookies(ResponseProcessCookies.java:130)  Invalid cookie header: "Set-Cookie: uuid=9DFA97F0DDAC11E99167052638346488198C5138E37C4C9DA969B7520EC6D141; path=/; expires=Wed, 23 Oct 2019 02:48:26 GMT". Invalid 'expires' attribute: Wed, 23 Oct 2019 02:48:26 GMT
2019-09-23 10:48:27  org.apache.http.client.protocol.ResponseProcessCookies.processCookies(ResponseProcessCookies.java:130)  Invalid cookie header: "Set-Cookie: lt=; path=/; expires=Thu, 01 Jan 1970 00:00:00 GMT; httponly". Invalid 'expires' attribute: Thu, 01 Jan 1970 00:00:00 GMT
2019-09-23 10:48:27  org.apache.http.client.protocol.ResponseProcessCookies.processCookies(ResponseProcessCookies.java:130)  Invalid cookie header: "Set-Cookie: lt.sig=y8Z35vm0s33pZar20SZcdcJx7mE; path=/; expires=Thu, 01 Jan 1970 00:00:00 GMT; httponly". Invalid 'expires' attribute: Thu, 01 Jan 1970 00:00:00 GMT
2019-09-23 22:46:36  org.apache.http.client.protocol.ResponseProcessCookies.processCookies(ResponseProcessCookies.java:130)  Invalid cookie header: "Set-Cookie: uuid_n_v=v1; path=/; expires=Wed, 23 Oct 2019 14:46:37 GMT". Invalid 'expires' attribute: Wed, 23 Oct 2019 14:46:37 GMT
2019-09-23 22:46:36  org.apache.http.client.protocol.ResponseProcessCookies.processCookies(ResponseProcessCookies.java:130)  Invalid cookie header: "Set-Cookie: uuid=F1EA54E0DE1011E9A610CD4891BFAD5875E4E48D0C0F49AE8E70D93BC18FB537; path=/; expires=Wed, 23 Oct 2019 14:46:37 GMT". Invalid 'expires' attribute: Wed, 23 Oct 2019 14:46:37 GMT
2019-09-23 22:46:36  org.apache.http.client.protocol.ResponseProcessCookies.processCookies(ResponseProcessCookies.java:130)  Invalid cookie header: "Set-Cookie: lt=; path=/; expires=Thu, 01 Jan 1970 00:00:00 GMT; httponly". Invalid 'expires' attribute: Thu, 01 Jan 1970 00:00:00 GMT
2019-09-23 22:46:36  org.apache.http.client.protocol.ResponseProcessCookies.processCookies(ResponseProcessCookies.java:130)  Invalid cookie header: "Set-Cookie: lt.sig=y8Z35vm0s33pZar20SZcdcJx7mE; path=/; expires=Thu, 01 Jan 1970 00:00:00 GMT; httponly". Invalid 'expires' attribute: Thu, 01 Jan 1970 00:00:00 GMT
2019-09-24 10:22:38  org.apache.http.client.protocol.ResponseProcessCookies.processCookies(ResponseProcessCookies.java:130)  Invalid cookie header: "Set-Cookie: uuid_n_v=v1; path=/; expires=Thu, 24 Oct 2019 02:22:39 GMT". Invalid 'expires' attribute: Thu, 24 Oct 2019 02:22:39 GMT
2019-09-24 10:22:38  org.apache.http.client.protocol.ResponseProcessCookies.processCookies(ResponseProcessCookies.java:130)  Invalid cookie header: "Set-Cookie: uuid=2E10ED10DE7211E9AC1A75BB87F7DD25AC49E3F378EA4206873DD642423B3277; path=/; expires=Thu, 24 Oct 2019 02:22:39 GMT". Invalid 'expires' attribute: Thu, 24 Oct 2019 02:22:39 GMT
2019-09-24 10:22:38  org.apache.http.client.protocol.ResponseProcessCookies.processCookies(ResponseProcessCookies.java:130)  Invalid cookie header: "Set-Cookie: lt=; path=/; expires=Thu, 01 Jan 1970 00:00:00 GMT; httponly". Invalid 'expires' attribute: Thu, 01 Jan 1970 00:00:00 GMT
2019-09-24 10:22:38  org.apache.http.client.protocol.ResponseProcessCookies.processCookies(ResponseProcessCookies.java:130)  Invalid cookie header: "Set-Cookie: lt.sig=y8Z35vm0s33pZar20SZcdcJx7mE; path=/; expires=Thu, 01 Jan 1970 00:00:00 GMT; httponly". Invalid 'expires' attribute: Thu, 01 Jan 1970 00:00:00 GMT
2019-09-24 10:22:39  org.apache.http.client.protocol.ResponseProcessCookies.processCookies(ResponseProcessCookies.java:130)  Invalid cookie header: "Set-Cookie: uuid_n_v=v1; path=/; expires=Thu, 24 Oct 2019 02:22:39 GMT". Invalid 'expires' attribute: Thu, 24 Oct 2019 02:22:39 GMT
2019-09-24 10:22:39  org.apache.http.client.protocol.ResponseProcessCookies.processCookies(ResponseProcessCookies.java:130)  Invalid cookie header: "Set-Cookie: uuid=2E4FF1E0DE7211E9B0904F406E4C900055BB29621AF34EB5AD64A0D85EA42775; path=/; expires=Thu, 24 Oct 2019 02:22:39 GMT". Invalid 'expires' attribute: Thu, 24 Oct 2019 02:22:39 GMT
2019-09-24 10:22:39  org.apache.http.client.protocol.ResponseProcessCookies.processCookies(ResponseProcessCookies.java:130)  Invalid cookie header: "Set-Cookie: lt=; path=/; expires=Thu, 01 Jan 1970 00:00:00 GMT; httponly". Invalid 'expires' attribute: Thu, 01 Jan 1970 00:00:00 GMT
2019-09-24 10:22:39  org.apache.http.client.protocol.ResponseProcessCookies.processCookies(ResponseProcessCookies.java:130)  Invalid cookie header: "Set-Cookie: lt.sig=y8Z35vm0s33pZar20SZcdcJx7mE; path=/; expires=Thu, 01 Jan 1970 00:00:00 GMT; httponly". Invalid 'expires' attribute: Thu, 01 Jan 1970 00:00:00 GMT
2019-09-25 22:23:05  org.springframework.test.context.TestContextManager.prepareTestInstance(TestContextManager.java:234)  Caught exception while allowing TestExecutionListener [org.springframework.test.context.support.DependencyInjectionTestExecutionListener@396f6598] to prepare test instance [com.ll.test.TestJsoupFilm@394e1a0f]
java.lang.IllegalStateException: Failed to load ApplicationContext
	at org.springframework.test.context.cache.DefaultCacheAwareContextLoaderDelegate.loadContext(DefaultCacheAwareContextLoaderDelegate.java:124)
	at org.springframework.test.context.support.DefaultTestContext.getApplicationContext(DefaultTestContext.java:83)
	at org.springframework.test.context.support.DependencyInjectionTestExecutionListener.injectDependencies(DependencyInjectionTestExecutionListener.java:117)
	at org.springframework.test.context.support.DependencyInjectionTestExecutionListener.prepareTestInstance(DependencyInjectionTestExecutionListener.java:83)
	at org.springframework.test.context.TestContextManager.prepareTestInstance(TestContextManager.java:230)
	at org.springframework.test.context.junit4.SpringJUnit4ClassRunner.createTest(SpringJUnit4ClassRunner.java:228)
	at org.springframework.test.context.junit4.SpringJUnit4ClassRunner$1.runReflectiveCall(SpringJUnit4ClassRunner.java:287)
	at org.junit.internal.runners.model.ReflectiveCallable.run(ReflectiveCallable.java:12)
	at org.springframework.test.context.junit4.SpringJUnit4ClassRunner.methodBlock(SpringJUnit4ClassRunner.java:289)
	at org.springframework.test.context.junit4.SpringJUnit4ClassRunner.runChild(SpringJUnit4ClassRunner.java:247)
	at org.springframework.test.context.junit4.SpringJUnit4ClassRunner.runChild(SpringJUnit4ClassRunner.java:94)
	at org.junit.runners.ParentRunner$3.run(ParentRunner.java:290)
	at org.junit.runners.ParentRunner$1.schedule(ParentRunner.java:71)
	at org.junit.runners.ParentRunner.runChildren(ParentRunner.java:288)
	at org.junit.runners.ParentRunner.access$000(ParentRunner.java:58)
	at org.junit.runners.ParentRunner$2.evaluate(ParentRunner.java:268)
	at org.springframework.test.context.junit4.statements.RunBeforeTestClassCallbacks.evaluate(RunBeforeTestClassCallbacks.java:61)
	at org.springframework.test.context.junit4.statements.RunAfterTestClassCallbacks.evaluate(RunAfterTestClassCallbacks.java:70)
	at org.junit.runners.ParentRunner.run(ParentRunner.java:363)
	at org.springframework.test.context.junit4.SpringJUnit4ClassRunner.run(SpringJUnit4ClassRunner.java:191)
	at org.eclipse.jdt.internal.junit4.runner.JUnit4TestReference.run(JUnit4TestReference.java:86)
	at org.eclipse.jdt.internal.junit.runner.TestExecution.run(TestExecution.java:38)
	at org.eclipse.jdt.internal.junit.runner.RemoteTestRunner.runTests(RemoteTestRunner.java:459)
	at org.eclipse.jdt.internal.junit.runner.RemoteTestRunner.runTests(RemoteTestRunner.java:675)
	at org.eclipse.jdt.internal.junit.runner.RemoteTestRunner.run(RemoteTestRunner.java:382)
	at org.eclipse.jdt.internal.junit.runner.RemoteTestRunner.main(RemoteTestRunner.java:192)
Caused by: org.springframework.beans.factory.xml.XmlBeanDefinitionStoreException: Line 2 in XML document from class path resource [spring-bean.xml] is invalid; nested exception is org.xml.sax.SAXParseException; lineNumber: 2; columnNumber: 11; cvc-elt.1:  'xml-body' 
	at org.springframework.beans.factory.xml.XmlBeanDefinitionReader.doLoadBeanDefinitions(XmlBeanDefinitionReader.java:399)
	at org.springframework.beans.factory.xml.XmlBeanDefinitionReader.loadBeanDefinitions(XmlBeanDefinitionReader.java:336)
	at org.springframework.beans.factory.xml.XmlBeanDefinitionReader.loadBeanDefinitions(XmlBeanDefinitionReader.java:304)
	at org.springframework.beans.factory.support.AbstractBeanDefinitionReader.loadBeanDefinitions(AbstractBeanDefinitionReader.java:181)
	at org.springframework.beans.factory.support.AbstractBeanDefinitionReader.loadBeanDefinitions(AbstractBeanDefinitionReader.java:217)
	at org.springframework.beans.factory.support.AbstractBeanDefinitionReader.loadBeanDefinitions(AbstractBeanDefinitionReader.java:188)
	at org.springframework.beans.factory.support.AbstractBeanDefinitionReader.loadBeanDefinitions(AbstractBeanDefinitionReader.java:252)
	at org.springframework.test.context.support.AbstractGenericContextLoader.loadBeanDefinitions(AbstractGenericContextLoader.java:257)
	at org.springframework.test.context.support.AbstractGenericContextLoader.loadContext(AbstractGenericContextLoader.java:124)
	at org.springframework.test.context.support.AbstractGenericContextLoader.loadContext(AbstractGenericContextLoader.java:60)
	at org.springframework.test.context.support.AbstractDelegatingSmartContextLoader.delegateLoading(AbstractDelegatingSmartContextLoader.java:108)
	at org.springframework.test.context.support.AbstractDelegatingSmartContextLoader.loadContext(AbstractDelegatingSmartContextLoader.java:251)
	at org.springframework.test.context.cache.DefaultCacheAwareContextLoaderDelegate.loadContextInternal(DefaultCacheAwareContextLoaderDelegate.java:98)
	at org.springframework.test.context.cache.DefaultCacheAwareContextLoaderDelegate.loadContext(DefaultCacheAwareContextLoaderDelegate.java:116)
	... 25 more
Caused by: org.xml.sax.SAXParseException; lineNumber: 2; columnNumber: 11; cvc-elt.1:  'xml-body' 
	at com.sun.org.apache.xerces.internal.util.ErrorHandlerWrapper.createSAXParseException(Unknown Source)
	at com.sun.org.apache.xerces.internal.util.ErrorHandlerWrapper.error(Unknown Source)
	at com.sun.org.apache.xerces.internal.impl.XMLErrorReporter.reportError(Unknown Source)
	at com.sun.org.apache.xerces.internal.impl.XMLErrorReporter.reportError(Unknown Source)
	at com.sun.org.apache.xerces.internal.impl.XMLErrorReporter.reportError(Unknown Source)
	at com.sun.org.apache.xerces.internal.impl.xs.XMLSchemaValidator.handleStartElement(Unknown Source)
	at com.sun.org.apache.xerces.internal.impl.xs.XMLSchemaValidator.startElement(Unknown Source)
	at com.sun.org.apache.xerces.internal.impl.XMLNSDocumentScannerImpl.scanStartElement(Unknown Source)
	at com.sun.org.apache.xerces.internal.impl.XMLNSDocumentScannerImpl$NSContentDriver.scanRootElementHook(Unknown Source)
	at com.sun.org.apache.xerces.internal.impl.XMLDocumentFragmentScannerImpl$FragmentContentDriver.next(Unknown Source)
	at com.sun.org.apache.xerces.internal.impl.XMLDocumentScannerImpl$PrologDriver.next(Unknown Source)
	at com.sun.org.apache.xerces.internal.impl.XMLDocumentScannerImpl.next(Unknown Source)
	at com.sun.org.apache.xerces.internal.impl.XMLNSDocumentScannerImpl.next(Unknown Source)
	at com.sun.org.apache.xerces.internal.impl.XMLDocumentFragmentScannerImpl.scanDocument(Unknown Source)
	at com.sun.org.apache.xerces.internal.parsers.XML11Configuration.parse(Unknown Source)
	at com.sun.org.apache.xerces.internal.parsers.XML11Configuration.parse(Unknown Source)
	at com.sun.org.apache.xerces.internal.parsers.XMLParser.parse(Unknown Source)
	at com.sun.org.apache.xerces.internal.parsers.DOMParser.parse(Unknown Source)
	at com.sun.org.apache.xerces.internal.jaxp.DocumentBuilderImpl.parse(Unknown Source)
	at org.springframework.beans.factory.xml.DefaultDocumentLoader.loadDocument(DefaultDocumentLoader.java:76)
	at org.springframework.beans.factory.xml.XmlBeanDefinitionReader.doLoadDocument(XmlBeanDefinitionReader.java:429)
	at org.springframework.beans.factory.xml.XmlBeanDefinitionReader.doLoadBeanDefinitions(XmlBeanDefinitionReader.java:391)
	... 38 more
